2020-08-31T04:10:24+00:00 CRITICAL Uncaught Error: Function name must be a string in C:\xampp\htdocs\carter\wp-content\plugins\hatazu_gallery_variation\gallery-option-admin.php:29
Stack trace:
#0 C:\xampp\htdocs\carter\wp-content\plugins\hatazu_gallery_variation\variation_init.php(24): include()
#1 C:\xampp\htdocs\carter\wp-includes\class-wp-hook.php(287): htz_option_gallery_page('')
#2 C:\xampp\htdocs\carter\wp-includes\class-wp-hook.php(311): WP_Hook->apply_filters('', Array)
#3 C:\xampp\htdocs\carter\wp-includes\plugin.php(478): WP_Hook->do_action(Array)
#4 C:\xampp\htdocs\carter\wp-admin\admin.php(254): do_action('toplevel_page_s...')
#5 {main}
  thrown in C:\xampp\htdocs\carter\wp-content\plugins\hatazu_gallery_variation\gallery-option-admin.php on line 29

2020-08-31T04:14:00+00:00 CRITICAL Uncaught Error: Function name must be a string in C:\xampp\htdocs\carter\wp-content\plugins\hatazu_gallery_variation\gallery-option-admin.php:29
Stack trace:
#0 C:\xampp\htdocs\carter\wp-content\plugins\hatazu_gallery_variation\variation_init.php(24): include()
#1 C:\xampp\htdocs\carter\wp-includes\class-wp-hook.php(287): htz_option_gallery_page('')
#2 C:\xampp\htdocs\carter\wp-includes\class-wp-hook.php(311): WP_Hook->apply_filters('', Array)
#3 C:\xampp\htdocs\carter\wp-includes\plugin.php(478): WP_Hook->do_action(Array)
#4 C:\xampp\htdocs\carter\wp-admin\admin.php(254): do_action('toplevel_page_g...')
#5 {main}
  thrown in C:\xampp\htdocs\carter\wp-content\plugins\hatazu_gallery_variation\gallery-option-admin.php on line 29

2020-08-31T04:15:01+00:00 CRITICAL Uncaught Error: Function name must be a string in C:\xampp\htdocs\carter\wp-content\plugins\hatazu_gallery_variation\gallery-option-admin.php:29
Stack trace:
#0 C:\xampp\htdocs\carter\wp-content\plugins\hatazu_gallery_variation\variation_init.php(24): include()
#1 C:\xampp\htdocs\carter\wp-includes\class-wp-hook.php(287): htz_option_gallery_page('')
#2 C:\xampp\htdocs\carter\wp-includes\class-wp-hook.php(311): WP_Hook->apply_filters('', Array)
#3 C:\xampp\htdocs\carter\wp-includes\plugin.php(478): WP_Hook->do_action(Array)
#4 C:\xampp\htdocs\carter\wp-admin\admin.php(254): do_action('toplevel_page_g...')
#5 {main}
  thrown in C:\xampp\htdocs\carter\wp-content\plugins\hatazu_gallery_variation\gallery-option-admin.php on line 29

2020-08-31T04:52:33+00:00 CRITICAL syntax error, unexpected 'global' (T_GLOBAL), expecting variable (T_VARIABLE) or '{' or '$' in C:\xampp\htdocs\carter\wp-content\plugins\hatazu_gallery_variation\gallery-option-admin.php on line 34

2020-08-31T05:00:39+00:00 CRITICAL syntax error, unexpected '}', expecting ';' or ',' in C:\xampp\htdocs\carter\wp-content\plugins\hatazu_gallery_variation\gallery-option-admin.php on line 44

2020-08-31T05:04:02+00:00 CRITICAL Maximum execution time of 120 seconds exceeded in C:\xampp\htdocs\carter\wp-includes\Requests\Transport\cURL.php on line 463

