2020-09-02T08:03:30+00:00 CRITICAL syntax error, unexpected '*', expecting ')' in C:\xampp\htdocs\carter\wp-content\themes\hatazu_water\inc\customizer.php on line 352

2020-09-02T15:48:30+00:00 CRITICAL Uncaught Error: Call to undefined function form_comment() in C:\xampp\htdocs\carter\wp-content\themes\hatazu_water\woocommerce\single-product-reviews.php:75
Stack trace:
#0 C:\xampp\htdocs\carter\wp-includes\comment-template.php(1535): require()
#1 C:\xampp\htdocs\carter\wp-content\themes\hatazu_water\woocommerce\single-product\tabs\tabs.php(48): comments_template('reviews', Array)
#2 C:\xampp\htdocs\carter\wp-content\plugins\woocommerce\includes\wc-core-functions.php(344): include('C:\\xampp\\htdocs...')
#3 C:\xampp\htdocs\carter\wp-content\plugins\woocommerce\includes\wc-template-functions.php(1538): wc_get_template('single-product/...')
#4 C:\xampp\htdocs\carter\wp-includes\class-wp-hook.php(287): woocommerce_output_product_data_tabs('')
#5 C:\xampp\htdocs\carter\wp-includes\class-wp-hook.php(311): WP_Hook->apply_filters('', Array)
#6 C:\xampp\htdocs\carter\wp-includes\plugin.php(478): WP_Hook->do_action(Array)
#7 C:\xampp\htdocs\carter\wp-content\themes\hatazu_water\woocommerce\content-single-product.php( in C:\xampp\htdocs\carter\wp-content\themes\hatazu_water\woocommerce\single-product-reviews.php on line 75

2020-09-02T15:48:56+00:00 CRITICAL Uncaught Error: Call to undefined function form_comment() in C:\xampp\htdocs\carter\wp-content\themes\hatazu_water\woocommerce\single-product-reviews.php:75
Stack trace:
#0 C:\xampp\htdocs\carter\wp-includes\comment-template.php(1535): require()
#1 C:\xampp\htdocs\carter\wp-content\themes\hatazu_water\woocommerce\single-product\tabs\tabs.php(48): comments_template('reviews', Array)
#2 C:\xampp\htdocs\carter\wp-content\plugins\woocommerce\includes\wc-core-functions.php(344): include('C:\\xampp\\htdocs...')
#3 C:\xampp\htdocs\carter\wp-content\plugins\woocommerce\includes\wc-template-functions.php(1538): wc_get_template('single-product/...')
#4 C:\xampp\htdocs\carter\wp-includes\class-wp-hook.php(287): woocommerce_output_product_data_tabs('')
#5 C:\xampp\htdocs\carter\wp-includes\class-wp-hook.php(311): WP_Hook->apply_filters('', Array)
#6 C:\xampp\htdocs\carter\wp-includes\plugin.php(478): WP_Hook->do_action(Array)
#7 C:\xampp\htdocs\carter\wp-content\themes\hatazu_water\woocommerce\content-single-product.php( in C:\xampp\htdocs\carter\wp-content\themes\hatazu_water\woocommerce\single-product-reviews.php on line 75

2020-09-02T15:50:33+00:00 CRITICAL Uncaught Error: Call to undefined function form_comment() in C:\xampp\htdocs\carter\wp-content\themes\hatazu_water\woocommerce\single-product-reviews.php:75
Stack trace:
#0 C:\xampp\htdocs\carter\wp-includes\comment-template.php(1535): require()
#1 C:\xampp\htdocs\carter\wp-content\themes\hatazu_water\woocommerce\single-product\tabs\tabs.php(48): comments_template('reviews', Array)
#2 C:\xampp\htdocs\carter\wp-content\plugins\woocommerce\includes\wc-core-functions.php(344): include('C:\\xampp\\htdocs...')
#3 C:\xampp\htdocs\carter\wp-content\plugins\woocommerce\includes\wc-template-functions.php(1538): wc_get_template('single-product/...')
#4 C:\xampp\htdocs\carter\wp-includes\class-wp-hook.php(287): woocommerce_output_product_data_tabs('')
#5 C:\xampp\htdocs\carter\wp-includes\class-wp-hook.php(311): WP_Hook->apply_filters('', Array)
#6 C:\xampp\htdocs\carter\wp-includes\plugin.php(478): WP_Hook->do_action(Array)
#7 C:\xampp\htdocs\carter\wp-content\themes\hatazu_water\woocommerce\content-single-product.php( in C:\xampp\htdocs\carter\wp-content\themes\hatazu_water\woocommerce\single-product-reviews.php on line 75

2020-09-02T15:50:56+00:00 CRITICAL Uncaught Error: Call to undefined function form_comment() in C:\xampp\htdocs\carter\wp-content\themes\hatazu_water\woocommerce\single-product-reviews.php:75
Stack trace:
#0 C:\xampp\htdocs\carter\wp-includes\comment-template.php(1535): require()
#1 C:\xampp\htdocs\carter\wp-content\themes\hatazu_water\woocommerce\single-product\tabs\tabs.php(48): comments_template('reviews', Array)
#2 C:\xampp\htdocs\carter\wp-content\plugins\woocommerce\includes\wc-core-functions.php(344): include('C:\\xampp\\htdocs...')
#3 C:\xampp\htdocs\carter\wp-content\plugins\woocommerce\includes\wc-template-functions.php(1538): wc_get_template('single-product/...')
#4 C:\xampp\htdocs\carter\wp-includes\class-wp-hook.php(287): woocommerce_output_product_data_tabs('')
#5 C:\xampp\htdocs\carter\wp-includes\class-wp-hook.php(311): WP_Hook->apply_filters('', Array)
#6 C:\xampp\htdocs\carter\wp-includes\plugin.php(478): WP_Hook->do_action(Array)
#7 C:\xampp\htdocs\carter\wp-content\themes\hatazu_water\woocommerce\content-single-product.php( in C:\xampp\htdocs\carter\wp-content\themes\hatazu_water\woocommerce\single-product-reviews.php on line 75

2020-09-02T15:52:17+00:00 CRITICAL Uncaught Error: Call to undefined function form_comment() in C:\xampp\htdocs\carter\wp-content\themes\hatazu_water\woocommerce\single-product-reviews.php:75
Stack trace:
#0 C:\xampp\htdocs\carter\wp-includes\comment-template.php(1535): require()
#1 C:\xampp\htdocs\carter\wp-content\themes\hatazu_water\woocommerce\single-product\tabs\tabs.php(48): comments_template('reviews', Array)
#2 C:\xampp\htdocs\carter\wp-content\plugins\woocommerce\includes\wc-core-functions.php(344): include('C:\\xampp\\htdocs...')
#3 C:\xampp\htdocs\carter\wp-content\plugins\woocommerce\includes\wc-template-functions.php(1538): wc_get_template('single-product/...')
#4 C:\xampp\htdocs\carter\wp-includes\class-wp-hook.php(287): woocommerce_output_product_data_tabs('')
#5 C:\xampp\htdocs\carter\wp-includes\class-wp-hook.php(311): WP_Hook->apply_filters('', Array)
#6 C:\xampp\htdocs\carter\wp-includes\plugin.php(478): WP_Hook->do_action(Array)
#7 C:\xampp\htdocs\carter\wp-content\themes\hatazu_water\woocommerce\content-single-product.php( in C:\xampp\htdocs\carter\wp-content\themes\hatazu_water\woocommerce\single-product-reviews.php on line 75

2020-09-02T15:53:29+00:00 CRITICAL Uncaught Error: Call to undefined function form_comment() in C:\xampp\htdocs\carter\wp-content\themes\hatazu_water\woocommerce\single-product-reviews.php:75
Stack trace:
#0 C:\xampp\htdocs\carter\wp-includes\comment-template.php(1535): require()
#1 C:\xampp\htdocs\carter\wp-content\themes\hatazu_water\woocommerce\single-product\tabs\tabs.php(48): comments_template('reviews', Array)
#2 C:\xampp\htdocs\carter\wp-content\plugins\woocommerce\includes\wc-core-functions.php(344): include('C:\\xampp\\htdocs...')
#3 C:\xampp\htdocs\carter\wp-content\plugins\woocommerce\includes\wc-template-functions.php(1538): wc_get_template('single-product/...')
#4 C:\xampp\htdocs\carter\wp-includes\class-wp-hook.php(287): woocommerce_output_product_data_tabs('')
#5 C:\xampp\htdocs\carter\wp-includes\class-wp-hook.php(311): WP_Hook->apply_filters('', Array)
#6 C:\xampp\htdocs\carter\wp-includes\plugin.php(478): WP_Hook->do_action(Array)
#7 C:\xampp\htdocs\carter\wp-content\themes\hatazu_water\woocommerce\content-single-product.php( in C:\xampp\htdocs\carter\wp-content\themes\hatazu_water\woocommerce\single-product-reviews.php on line 75

2020-09-02T15:55:11+00:00 CRITICAL Uncaught Error: Call to undefined function form_comment() in C:\xampp\htdocs\carter\wp-content\themes\hatazu_water\woocommerce\single-product-reviews.php:75
Stack trace:
#0 C:\xampp\htdocs\carter\wp-includes\comment-template.php(1535): require()
#1 C:\xampp\htdocs\carter\wp-content\themes\hatazu_water\woocommerce\single-product\tabs\tabs.php(48): comments_template('reviews', Array)
#2 C:\xampp\htdocs\carter\wp-content\plugins\woocommerce\includes\wc-core-functions.php(344): include('C:\\xampp\\htdocs...')
#3 C:\xampp\htdocs\carter\wp-content\plugins\woocommerce\includes\wc-template-functions.php(1538): wc_get_template('single-product/...')
#4 C:\xampp\htdocs\carter\wp-includes\class-wp-hook.php(287): woocommerce_output_product_data_tabs('')
#5 C:\xampp\htdocs\carter\wp-includes\class-wp-hook.php(311): WP_Hook->apply_filters('', Array)
#6 C:\xampp\htdocs\carter\wp-includes\plugin.php(478): WP_Hook->do_action(Array)
#7 C:\xampp\htdocs\carter\wp-content\themes\hatazu_water\woocommerce\content-single-product.php( in C:\xampp\htdocs\carter\wp-content\themes\hatazu_water\woocommerce\single-product-reviews.php on line 75

2020-09-02T15:55:22+00:00 CRITICAL Uncaught Error: Call to undefined function form_comment() in C:\xampp\htdocs\carter\wp-content\themes\hatazu_water\woocommerce\single-product-reviews.php:75
Stack trace:
#0 C:\xampp\htdocs\carter\wp-includes\comment-template.php(1535): require()
#1 C:\xampp\htdocs\carter\wp-content\themes\hatazu_water\woocommerce\single-product\tabs\tabs.php(48): comments_template('reviews', Array)
#2 C:\xampp\htdocs\carter\wp-content\plugins\woocommerce\includes\wc-core-functions.php(344): include('C:\\xampp\\htdocs...')
#3 C:\xampp\htdocs\carter\wp-content\plugins\woocommerce\includes\wc-template-functions.php(1538): wc_get_template('single-product/...')
#4 C:\xampp\htdocs\carter\wp-includes\class-wp-hook.php(287): woocommerce_output_product_data_tabs('')
#5 C:\xampp\htdocs\carter\wp-includes\class-wp-hook.php(311): WP_Hook->apply_filters('', Array)
#6 C:\xampp\htdocs\carter\wp-includes\plugin.php(478): WP_Hook->do_action(Array)
#7 C:\xampp\htdocs\carter\wp-content\themes\hatazu_water\woocommerce\content-single-product.php( in C:\xampp\htdocs\carter\wp-content\themes\hatazu_water\woocommerce\single-product-reviews.php on line 75

2020-09-02T15:56:06+00:00 CRITICAL Uncaught Error: Call to undefined function form_comment() in C:\xampp\htdocs\carter\wp-content\themes\hatazu_water\woocommerce\single-product-reviews.php:75
Stack trace:
#0 C:\xampp\htdocs\carter\wp-includes\comment-template.php(1535): require()
#1 C:\xampp\htdocs\carter\wp-content\themes\hatazu_water\woocommerce\single-product\tabs\tabs.php(48): comments_template('reviews', Array)
#2 C:\xampp\htdocs\carter\wp-content\plugins\woocommerce\includes\wc-core-functions.php(344): include('C:\\xampp\\htdocs...')
#3 C:\xampp\htdocs\carter\wp-content\plugins\woocommerce\includes\wc-template-functions.php(1538): wc_get_template('single-product/...')
#4 C:\xampp\htdocs\carter\wp-includes\class-wp-hook.php(287): woocommerce_output_product_data_tabs('')
#5 C:\xampp\htdocs\carter\wp-includes\class-wp-hook.php(311): WP_Hook->apply_filters('', Array)
#6 C:\xampp\htdocs\carter\wp-includes\plugin.php(478): WP_Hook->do_action(Array)
#7 C:\xampp\htdocs\carter\wp-content\themes\hatazu_water\woocommerce\content-single-product.php( in C:\xampp\htdocs\carter\wp-content\themes\hatazu_water\woocommerce\single-product-reviews.php on line 75

2020-09-02T15:57:13+00:00 CRITICAL Uncaught Error: Call to undefined function form_comment() in C:\xampp\htdocs\carter\wp-content\themes\hatazu_water\woocommerce\single-product-reviews.php:75
Stack trace:
#0 C:\xampp\htdocs\carter\wp-includes\comment-template.php(1535): require()
#1 C:\xampp\htdocs\carter\wp-content\themes\hatazu_water\woocommerce\single-product\tabs\tabs.php(48): comments_template('reviews', Array)
#2 C:\xampp\htdocs\carter\wp-content\plugins\woocommerce\includes\wc-core-functions.php(344): include('C:\\xampp\\htdocs...')
#3 C:\xampp\htdocs\carter\wp-content\plugins\woocommerce\includes\wc-template-functions.php(1538): wc_get_template('single-product/...')
#4 C:\xampp\htdocs\carter\wp-includes\class-wp-hook.php(287): woocommerce_output_product_data_tabs('')
#5 C:\xampp\htdocs\carter\wp-includes\class-wp-hook.php(311): WP_Hook->apply_filters('', Array)
#6 C:\xampp\htdocs\carter\wp-includes\plugin.php(478): WP_Hook->do_action(Array)
#7 C:\xampp\htdocs\carter\wp-content\themes\hatazu_water\woocommerce\content-single-product.php( in C:\xampp\htdocs\carter\wp-content\themes\hatazu_water\woocommerce\single-product-reviews.php on line 75

2020-09-02T15:57:27+00:00 CRITICAL Uncaught Error: Call to undefined function form_comment() in C:\xampp\htdocs\carter\wp-content\themes\hatazu_water\woocommerce\single-product-reviews.php:75
Stack trace:
#0 C:\xampp\htdocs\carter\wp-includes\comment-template.php(1535): require()
#1 C:\xampp\htdocs\carter\wp-content\themes\hatazu_water\woocommerce\single-product\tabs\tabs.php(48): comments_template('reviews', Array)
#2 C:\xampp\htdocs\carter\wp-content\plugins\woocommerce\includes\wc-core-functions.php(344): include('C:\\xampp\\htdocs...')
#3 C:\xampp\htdocs\carter\wp-content\plugins\woocommerce\includes\wc-template-functions.php(1538): wc_get_template('single-product/...')
#4 C:\xampp\htdocs\carter\wp-includes\class-wp-hook.php(287): woocommerce_output_product_data_tabs('')
#5 C:\xampp\htdocs\carter\wp-includes\class-wp-hook.php(311): WP_Hook->apply_filters('', Array)
#6 C:\xampp\htdocs\carter\wp-includes\plugin.php(478): WP_Hook->do_action(Array)
#7 C:\xampp\htdocs\carter\wp-content\themes\hatazu_water\woocommerce\content-single-product.php( in C:\xampp\htdocs\carter\wp-content\themes\hatazu_water\woocommerce\single-product-reviews.php on line 75

2020-09-02T15:57:59+00:00 CRITICAL Uncaught Error: Call to undefined function form_comment() in C:\xampp\htdocs\carter\wp-content\themes\hatazu_water\woocommerce\single-product-reviews.php:75
Stack trace:
#0 C:\xampp\htdocs\carter\wp-includes\comment-template.php(1535): require()
#1 C:\xampp\htdocs\carter\wp-content\themes\hatazu_water\woocommerce\single-product\tabs\tabs.php(48): comments_template('reviews', Array)
#2 C:\xampp\htdocs\carter\wp-content\plugins\woocommerce\includes\wc-core-functions.php(344): include('C:\\xampp\\htdocs...')
#3 C:\xampp\htdocs\carter\wp-content\plugins\woocommerce\includes\wc-template-functions.php(1538): wc_get_template('single-product/...')
#4 C:\xampp\htdocs\carter\wp-includes\class-wp-hook.php(287): woocommerce_output_product_data_tabs('')
#5 C:\xampp\htdocs\carter\wp-includes\class-wp-hook.php(311): WP_Hook->apply_filters('', Array)
#6 C:\xampp\htdocs\carter\wp-includes\plugin.php(478): WP_Hook->do_action(Array)
#7 C:\xampp\htdocs\carter\wp-content\themes\hatazu_water\woocommerce\content-single-product.php( in C:\xampp\htdocs\carter\wp-content\themes\hatazu_water\woocommerce\single-product-reviews.php on line 75

2020-09-02T15:59:00+00:00 CRITICAL Uncaught Error: Call to undefined function form_comment() in C:\xampp\htdocs\carter\wp-content\themes\hatazu_water\woocommerce\single-product-reviews.php:75
Stack trace:
#0 C:\xampp\htdocs\carter\wp-includes\comment-template.php(1535): require()
#1 C:\xampp\htdocs\carter\wp-content\themes\hatazu_water\woocommerce\single-product\tabs\tabs.php(48): comments_template('reviews', Array)
#2 C:\xampp\htdocs\carter\wp-content\plugins\woocommerce\includes\wc-core-functions.php(344): include('C:\\xampp\\htdocs...')
#3 C:\xampp\htdocs\carter\wp-content\plugins\woocommerce\includes\wc-template-functions.php(1538): wc_get_template('single-product/...')
#4 C:\xampp\htdocs\carter\wp-includes\class-wp-hook.php(287): woocommerce_output_product_data_tabs('')
#5 C:\xampp\htdocs\carter\wp-includes\class-wp-hook.php(311): WP_Hook->apply_filters('', Array)
#6 C:\xampp\htdocs\carter\wp-includes\plugin.php(478): WP_Hook->do_action(Array)
#7 C:\xampp\htdocs\carter\wp-content\themes\hatazu_water\woocommerce\content-single-product.php( in C:\xampp\htdocs\carter\wp-content\themes\hatazu_water\woocommerce\single-product-reviews.php on line 75

2020-09-02T15:59:31+00:00 CRITICAL Uncaught Error: Call to undefined function form_comment() in C:\xampp\htdocs\carter\wp-content\themes\hatazu_water\woocommerce\single-product-reviews.php:75
Stack trace:
#0 C:\xampp\htdocs\carter\wp-includes\comment-template.php(1535): require()
#1 C:\xampp\htdocs\carter\wp-content\themes\hatazu_water\woocommerce\single-product\tabs\tabs.php(48): comments_template('reviews', Array)
#2 C:\xampp\htdocs\carter\wp-content\plugins\woocommerce\includes\wc-core-functions.php(344): include('C:\\xampp\\htdocs...')
#3 C:\xampp\htdocs\carter\wp-content\plugins\woocommerce\includes\wc-template-functions.php(1538): wc_get_template('single-product/...')
#4 C:\xampp\htdocs\carter\wp-includes\class-wp-hook.php(287): woocommerce_output_product_data_tabs('')
#5 C:\xampp\htdocs\carter\wp-includes\class-wp-hook.php(311): WP_Hook->apply_filters('', Array)
#6 C:\xampp\htdocs\carter\wp-includes\plugin.php(478): WP_Hook->do_action(Array)
#7 C:\xampp\htdocs\carter\wp-content\themes\hatazu_water\woocommerce\content-single-product.php( in C:\xampp\htdocs\carter\wp-content\themes\hatazu_water\woocommerce\single-product-reviews.php on line 75

2020-09-02T15:59:48+00:00 CRITICAL Uncaught Error: Call to undefined function form_comment() in C:\xampp\htdocs\carter\wp-content\themes\hatazu_water\woocommerce\single-product-reviews.php:75
Stack trace:
#0 C:\xampp\htdocs\carter\wp-includes\comment-template.php(1535): require()
#1 C:\xampp\htdocs\carter\wp-content\themes\hatazu_water\woocommerce\single-product\tabs\tabs.php(48): comments_template('reviews', Array)
#2 C:\xampp\htdocs\carter\wp-content\plugins\woocommerce\includes\wc-core-functions.php(344): include('C:\\xampp\\htdocs...')
#3 C:\xampp\htdocs\carter\wp-content\plugins\woocommerce\includes\wc-template-functions.php(1538): wc_get_template('single-product/...')
#4 C:\xampp\htdocs\carter\wp-includes\class-wp-hook.php(287): woocommerce_output_product_data_tabs('')
#5 C:\xampp\htdocs\carter\wp-includes\class-wp-hook.php(311): WP_Hook->apply_filters('', Array)
#6 C:\xampp\htdocs\carter\wp-includes\plugin.php(478): WP_Hook->do_action(Array)
#7 C:\xampp\htdocs\carter\wp-content\themes\hatazu_water\woocommerce\content-single-product.php( in C:\xampp\htdocs\carter\wp-content\themes\hatazu_water\woocommerce\single-product-reviews.php on line 75

2020-09-02T16:00:02+00:00 CRITICAL Uncaught Error: Call to undefined function form_comment() in C:\xampp\htdocs\carter\wp-content\themes\hatazu_water\woocommerce\single-product-reviews.php:75
Stack trace:
#0 C:\xampp\htdocs\carter\wp-includes\comment-template.php(1535): require()
#1 C:\xampp\htdocs\carter\wp-content\themes\hatazu_water\woocommerce\single-product\tabs\tabs.php(48): comments_template('reviews', Array)
#2 C:\xampp\htdocs\carter\wp-content\plugins\woocommerce\includes\wc-core-functions.php(344): include('C:\\xampp\\htdocs...')
#3 C:\xampp\htdocs\carter\wp-content\plugins\woocommerce\includes\wc-template-functions.php(1538): wc_get_template('single-product/...')
#4 C:\xampp\htdocs\carter\wp-includes\class-wp-hook.php(287): woocommerce_output_product_data_tabs('')
#5 C:\xampp\htdocs\carter\wp-includes\class-wp-hook.php(311): WP_Hook->apply_filters('', Array)
#6 C:\xampp\htdocs\carter\wp-includes\plugin.php(478): WP_Hook->do_action(Array)
#7 C:\xampp\htdocs\carter\wp-content\themes\hatazu_water\woocommerce\content-single-product.php( in C:\xampp\htdocs\carter\wp-content\themes\hatazu_water\woocommerce\single-product-reviews.php on line 75

2020-09-02T16:00:16+00:00 CRITICAL Uncaught Error: Call to undefined function form_comment() in C:\xampp\htdocs\carter\wp-content\themes\hatazu_water\woocommerce\single-product-reviews.php:75
Stack trace:
#0 C:\xampp\htdocs\carter\wp-includes\comment-template.php(1535): require()
#1 C:\xampp\htdocs\carter\wp-content\themes\hatazu_water\woocommerce\single-product\tabs\tabs.php(48): comments_template('reviews', Array)
#2 C:\xampp\htdocs\carter\wp-content\plugins\woocommerce\includes\wc-core-functions.php(344): include('C:\\xampp\\htdocs...')
#3 C:\xampp\htdocs\carter\wp-content\plugins\woocommerce\includes\wc-template-functions.php(1538): wc_get_template('single-product/...')
#4 C:\xampp\htdocs\carter\wp-includes\class-wp-hook.php(287): woocommerce_output_product_data_tabs('')
#5 C:\xampp\htdocs\carter\wp-includes\class-wp-hook.php(311): WP_Hook->apply_filters('', Array)
#6 C:\xampp\htdocs\carter\wp-includes\plugin.php(478): WP_Hook->do_action(Array)
#7 C:\xampp\htdocs\carter\wp-content\themes\hatazu_water\woocommerce\content-single-product.php( in C:\xampp\htdocs\carter\wp-content\themes\hatazu_water\woocommerce\single-product-reviews.php on line 75

2020-09-02T16:00:30+00:00 CRITICAL Uncaught Error: Call to undefined function form_comment() in C:\xampp\htdocs\carter\wp-content\themes\hatazu_water\woocommerce\single-product-reviews.php:75
Stack trace:
#0 C:\xampp\htdocs\carter\wp-includes\comment-template.php(1535): require()
#1 C:\xampp\htdocs\carter\wp-content\themes\hatazu_water\woocommerce\single-product\tabs\tabs.php(48): comments_template('reviews', Array)
#2 C:\xampp\htdocs\carter\wp-content\plugins\woocommerce\includes\wc-core-functions.php(344): include('C:\\xampp\\htdocs...')
#3 C:\xampp\htdocs\carter\wp-content\plugins\woocommerce\includes\wc-template-functions.php(1538): wc_get_template('single-product/...')
#4 C:\xampp\htdocs\carter\wp-includes\class-wp-hook.php(287): woocommerce_output_product_data_tabs('')
#5 C:\xampp\htdocs\carter\wp-includes\class-wp-hook.php(311): WP_Hook->apply_filters('', Array)
#6 C:\xampp\htdocs\carter\wp-includes\plugin.php(478): WP_Hook->do_action(Array)
#7 C:\xampp\htdocs\carter\wp-content\themes\hatazu_water\woocommerce\content-single-product.php( in C:\xampp\htdocs\carter\wp-content\themes\hatazu_water\woocommerce\single-product-reviews.php on line 75

2020-09-02T16:01:41+00:00 CRITICAL Uncaught Error: Call to undefined function form_comment() in C:\xampp\htdocs\carter\wp-content\themes\hatazu_water\woocommerce\single-product-reviews.php:75
Stack trace:
#0 C:\xampp\htdocs\carter\wp-includes\comment-template.php(1535): require()
#1 C:\xampp\htdocs\carter\wp-content\themes\hatazu_water\woocommerce\single-product\tabs\tabs.php(48): comments_template('reviews', Array)
#2 C:\xampp\htdocs\carter\wp-content\plugins\woocommerce\includes\wc-core-functions.php(344): include('C:\\xampp\\htdocs...')
#3 C:\xampp\htdocs\carter\wp-content\plugins\woocommerce\includes\wc-template-functions.php(1538): wc_get_template('single-product/...')
#4 C:\xampp\htdocs\carter\wp-includes\class-wp-hook.php(287): woocommerce_output_product_data_tabs('')
#5 C:\xampp\htdocs\carter\wp-includes\class-wp-hook.php(311): WP_Hook->apply_filters('', Array)
#6 C:\xampp\htdocs\carter\wp-includes\plugin.php(478): WP_Hook->do_action(Array)
#7 C:\xampp\htdocs\carter\wp-content\themes\hatazu_water\woocommerce\content-single-product.php( in C:\xampp\htdocs\carter\wp-content\themes\hatazu_water\woocommerce\single-product-reviews.php on line 75

2020-09-02T16:05:10+00:00 CRITICAL Uncaught Error: Call to undefined function form_comment() in C:\xampp\htdocs\carter\wp-content\themes\hatazu_water\woocommerce\single-product-reviews.php:75
Stack trace:
#0 C:\xampp\htdocs\carter\wp-includes\comment-template.php(1535): require()
#1 C:\xampp\htdocs\carter\wp-content\themes\hatazu_water\woocommerce\single-product\tabs\tabs.php(48): comments_template('reviews', Array)
#2 C:\xampp\htdocs\carter\wp-content\plugins\woocommerce\includes\wc-core-functions.php(344): include('C:\\xampp\\htdocs...')
#3 C:\xampp\htdocs\carter\wp-content\plugins\woocommerce\includes\wc-template-functions.php(1538): wc_get_template('single-product/...')
#4 C:\xampp\htdocs\carter\wp-includes\class-wp-hook.php(287): woocommerce_output_product_data_tabs('')
#5 C:\xampp\htdocs\carter\wp-includes\class-wp-hook.php(311): WP_Hook->apply_filters('', Array)
#6 C:\xampp\htdocs\carter\wp-includes\plugin.php(478): WP_Hook->do_action(Array)
#7 C:\xampp\htdocs\carter\wp-content\themes\hatazu_water\woocommerce\content-single-product.php( in C:\xampp\htdocs\carter\wp-content\themes\hatazu_water\woocommerce\single-product-reviews.php on line 75

2020-09-02T16:06:47+00:00 CRITICAL Uncaught Error: Call to undefined function get_field() in C:\xampp\htdocs\carter\wp-content\themes\hatazu_water\layouts\top-bar.php:6
Stack trace:
#0 C:\xampp\htdocs\carter\wp-includes\template.php(732): require()
#1 C:\xampp\htdocs\carter\wp-includes\template.php(676): load_template('C:\\xampp\\htdocs...', false, Array)
#2 C:\xampp\htdocs\carter\wp-includes\general-template.php(204): locate_template(Array, true, false, Array)
#3 C:\xampp\htdocs\carter\wp-content\themes\hatazu_water\layouts\menu-desktop-carter.php(5): get_template_part('layouts/top-bar')
#4 C:\xampp\htdocs\carter\wp-includes\template.php(732): require('C:\\xampp\\htdocs...')
#5 C:\xampp\htdocs\carter\wp-includes\template.php(676): load_template('C:\\xampp\\htdocs...', false, Array)
#6 C:\xampp\htdocs\carter\wp-includes\general-template.php(204): locate_template(Array, true, false, Array)
#7 C:\xampp\htdocs\carter\wp-content\themes\hatazu_water\header.php(44): get_template_part('layouts/menu-de...')
#8 C:\xampp\htdocs\carter\wp-includes\templa in C:\xampp\htdocs\carter\wp-content\themes\hatazu_water\layouts\top-bar.php on line 6

2020-09-02T16:07:14+00:00 CRITICAL Uncaught Error: Call to undefined function form_comment() in C:\xampp\htdocs\carter\wp-content\themes\hatazu_water\woocommerce\single-product-reviews.php:75
Stack trace:
#0 C:\xampp\htdocs\carter\wp-includes\comment-template.php(1535): require()
#1 C:\xampp\htdocs\carter\wp-content\themes\hatazu_water\woocommerce\single-product\tabs\tabs.php(48): comments_template('reviews', Array)
#2 C:\xampp\htdocs\carter\wp-content\plugins\woocommerce\includes\wc-core-functions.php(344): include('C:\\xampp\\htdocs...')
#3 C:\xampp\htdocs\carter\wp-content\plugins\woocommerce\includes\wc-template-functions.php(1538): wc_get_template('single-product/...')
#4 C:\xampp\htdocs\carter\wp-includes\class-wp-hook.php(287): woocommerce_output_product_data_tabs('')
#5 C:\xampp\htdocs\carter\wp-includes\class-wp-hook.php(311): WP_Hook->apply_filters('', Array)
#6 C:\xampp\htdocs\carter\wp-includes\plugin.php(478): WP_Hook->do_action(Array)
#7 C:\xampp\htdocs\carter\wp-content\themes\hatazu_water\woocommerce\content-single-product.php( in C:\xampp\htdocs\carter\wp-content\themes\hatazu_water\woocommerce\single-product-reviews.php on line 75

2020-09-02T16:07:50+00:00 CRITICAL Uncaught Error: Call to undefined function form_comment() in C:\xampp\htdocs\carter\wp-content\themes\hatazu_water\woocommerce\single-product-reviews.php:75
Stack trace:
#0 C:\xampp\htdocs\carter\wp-includes\comment-template.php(1535): require()
#1 C:\xampp\htdocs\carter\wp-content\themes\hatazu_water\woocommerce\single-product\tabs\tabs.php(48): comments_template('reviews', Array)
#2 C:\xampp\htdocs\carter\wp-content\plugins\woocommerce\includes\wc-core-functions.php(344): include('C:\\xampp\\htdocs...')
#3 C:\xampp\htdocs\carter\wp-content\plugins\woocommerce\includes\wc-template-functions.php(1538): wc_get_template('single-product/...')
#4 C:\xampp\htdocs\carter\wp-includes\class-wp-hook.php(287): woocommerce_output_product_data_tabs('')
#5 C:\xampp\htdocs\carter\wp-includes\class-wp-hook.php(311): WP_Hook->apply_filters('', Array)
#6 C:\xampp\htdocs\carter\wp-includes\plugin.php(478): WP_Hook->do_action(Array)
#7 C:\xampp\htdocs\carter\wp-content\themes\hatazu_water\woocommerce\content-single-product.php( in C:\xampp\htdocs\carter\wp-content\themes\hatazu_water\woocommerce\single-product-reviews.php on line 75

2020-09-02T16:09:13+00:00 CRITICAL Uncaught Error: Call to undefined function form_comment() in C:\xampp\htdocs\carter\wp-content\themes\hatazu_water\woocommerce\single-product-reviews.php:75
Stack trace:
#0 C:\xampp\htdocs\carter\wp-includes\comment-template.php(1535): require()
#1 C:\xampp\htdocs\carter\wp-content\themes\hatazu_water\woocommerce\single-product\tabs\tabs.php(48): comments_template('reviews', Array)
#2 C:\xampp\htdocs\carter\wp-content\plugins\woocommerce\includes\wc-core-functions.php(344): include('C:\\xampp\\htdocs...')
#3 C:\xampp\htdocs\carter\wp-content\plugins\woocommerce\includes\wc-template-functions.php(1538): wc_get_template('single-product/...')
#4 C:\xampp\htdocs\carter\wp-includes\class-wp-hook.php(287): woocommerce_output_product_data_tabs('')
#5 C:\xampp\htdocs\carter\wp-includes\class-wp-hook.php(311): WP_Hook->apply_filters('', Array)
#6 C:\xampp\htdocs\carter\wp-includes\plugin.php(478): WP_Hook->do_action(Array)
#7 C:\xampp\htdocs\carter\wp-content\themes\hatazu_water\woocommerce\content-single-product.php( in C:\xampp\htdocs\carter\wp-content\themes\hatazu_water\woocommerce\single-product-reviews.php on line 75

2020-09-02T16:09:21+00:00 CRITICAL Uncaught Error: Call to undefined function form_comment() in C:\xampp\htdocs\carter\wp-content\themes\hatazu_water\woocommerce\single-product-reviews.php:75
Stack trace:
#0 C:\xampp\htdocs\carter\wp-includes\comment-template.php(1535): require()
#1 C:\xampp\htdocs\carter\wp-content\themes\hatazu_water\woocommerce\single-product\tabs\tabs.php(48): comments_template('reviews', Array)
#2 C:\xampp\htdocs\carter\wp-content\plugins\woocommerce\includes\wc-core-functions.php(344): include('C:\\xampp\\htdocs...')
#3 C:\xampp\htdocs\carter\wp-content\plugins\woocommerce\includes\wc-template-functions.php(1538): wc_get_template('single-product/...')
#4 C:\xampp\htdocs\carter\wp-includes\class-wp-hook.php(287): woocommerce_output_product_data_tabs('')
#5 C:\xampp\htdocs\carter\wp-includes\class-wp-hook.php(311): WP_Hook->apply_filters('', Array)
#6 C:\xampp\htdocs\carter\wp-includes\plugin.php(478): WP_Hook->do_action(Array)
#7 C:\xampp\htdocs\carter\wp-content\themes\hatazu_water\woocommerce\content-single-product.php( in C:\xampp\htdocs\carter\wp-content\themes\hatazu_water\woocommerce\single-product-reviews.php on line 75

2020-09-02T16:20:37+00:00 CRITICAL Uncaught Error: Call to undefined function form_comment() in C:\xampp\htdocs\carter\wp-content\themes\hatazu_water\woocommerce\single-product-reviews.php:75
Stack trace:
#0 C:\xampp\htdocs\carter\wp-includes\comment-template.php(1535): require()
#1 C:\xampp\htdocs\carter\wp-content\themes\hatazu_water\woocommerce\single-product\tabs\tabs.php(48): comments_template('reviews', Array)
#2 C:\xampp\htdocs\carter\wp-content\plugins\woocommerce\includes\wc-core-functions.php(344): include('C:\\xampp\\htdocs...')
#3 C:\xampp\htdocs\carter\wp-content\plugins\woocommerce\includes\wc-template-functions.php(1538): wc_get_template('single-product/...')
#4 C:\xampp\htdocs\carter\wp-includes\class-wp-hook.php(287): woocommerce_output_product_data_tabs('')
#5 C:\xampp\htdocs\carter\wp-includes\class-wp-hook.php(311): WP_Hook->apply_filters('', Array)
#6 C:\xampp\htdocs\carter\wp-includes\plugin.php(478): WP_Hook->do_action(Array)
#7 C:\xampp\htdocs\carter\wp-content\themes\hatazu_water\woocommerce\content-single-product.php( in C:\xampp\htdocs\carter\wp-content\themes\hatazu_water\woocommerce\single-product-reviews.php on line 75

