2020-09-03T01:44:09+00:00 CRITICAL Uncaught Error: Call to undefined function form_comment() in C:\xampp\htdocs\carter\wp-content\themes\hatazu_water\woocommerce\single-product-reviews.php:75
Stack trace:
#0 C:\xampp\htdocs\carter\wp-includes\comment-template.php(1535): require()
#1 C:\xampp\htdocs\carter\wp-content\themes\hatazu_water\woocommerce\single-product\tabs\tabs.php(48): comments_template('reviews', Array)
#2 C:\xampp\htdocs\carter\wp-content\plugins\woocommerce\includes\wc-core-functions.php(344): include('C:\\xampp\\htdocs...')
#3 C:\xampp\htdocs\carter\wp-content\plugins\woocommerce\includes\wc-template-functions.php(1538): wc_get_template('single-product/...')
#4 C:\xampp\htdocs\carter\wp-includes\class-wp-hook.php(287): woocommerce_output_product_data_tabs('')
#5 C:\xampp\htdocs\carter\wp-includes\class-wp-hook.php(311): WP_Hook->apply_filters('', Array)
#6 C:\xampp\htdocs\carter\wp-includes\plugin.php(478): WP_Hook->do_action(Array)
#7 C:\xampp\htdocs\carter\wp-content\themes\hatazu_water\woocommerce\content-single-product.php( in C:\xampp\htdocs\carter\wp-content\themes\hatazu_water\woocommerce\single-product-reviews.php on line 75

2020-09-03T01:44:46+00:00 CRITICAL Uncaught Error: Call to undefined function form_comment() in C:\xampp\htdocs\carter\wp-content\themes\hatazu_water\woocommerce\single-product-reviews.php:75
Stack trace:
#0 C:\xampp\htdocs\carter\wp-includes\comment-template.php(1535): require()
#1 C:\xampp\htdocs\carter\wp-content\themes\hatazu_water\woocommerce\single-product\tabs\tabs.php(48): comments_template('reviews', Array)
#2 C:\xampp\htdocs\carter\wp-content\plugins\woocommerce\includes\wc-core-functions.php(344): include('C:\\xampp\\htdocs...')
#3 C:\xampp\htdocs\carter\wp-content\plugins\woocommerce\includes\wc-template-functions.php(1538): wc_get_template('single-product/...')
#4 C:\xampp\htdocs\carter\wp-includes\class-wp-hook.php(287): woocommerce_output_product_data_tabs('')
#5 C:\xampp\htdocs\carter\wp-includes\class-wp-hook.php(311): WP_Hook->apply_filters('', Array)
#6 C:\xampp\htdocs\carter\wp-includes\plugin.php(478): WP_Hook->do_action(Array)
#7 C:\xampp\htdocs\carter\wp-content\themes\hatazu_water\woocommerce\content-single-product.php( in C:\xampp\htdocs\carter\wp-content\themes\hatazu_water\woocommerce\single-product-reviews.php on line 75

2020-09-03T02:40:39+00:00 CRITICAL Cannot redeclare wp_make_content_images_responsive() (previously declared in C:\xampp\htdocs\carter\wp-includes\deprecated.php:4005) in C:\xampp\htdocs\carter\wp-content\themes\hatazu_water\functions.php on line 292

2020-09-03T02:40:39+00:00 CRITICAL Cannot redeclare wp_make_content_images_responsive() (previously declared in C:\xampp\htdocs\carter\wp-includes\deprecated.php:4005) in C:\xampp\htdocs\carter\wp-content\themes\hatazu_water\functions.php on line 292

2020-09-03T03:08:08+00:00 CRITICAL Uncaught Error: Call to undefined function form_comment() in C:\xampp\htdocs\carter\wp-content\themes\hatazu_water\woocommerce\single-product-reviews.php:75
Stack trace:
#0 C:\xampp\htdocs\carter\wp-includes\comment-template.php(1535): require()
#1 C:\xampp\htdocs\carter\wp-content\themes\hatazu_water\woocommerce\single-product\tabs\tabs.php(48): comments_template('reviews', Array)
#2 C:\xampp\htdocs\carter\wp-content\plugins\woocommerce\includes\wc-core-functions.php(344): include('C:\\xampp\\htdocs...')
#3 C:\xampp\htdocs\carter\wp-content\plugins\woocommerce\includes\wc-template-functions.php(1538): wc_get_template('single-product/...')
#4 C:\xampp\htdocs\carter\wp-includes\class-wp-hook.php(287): woocommerce_output_product_data_tabs('')
#5 C:\xampp\htdocs\carter\wp-includes\class-wp-hook.php(311): WP_Hook->apply_filters('', Array)
#6 C:\xampp\htdocs\carter\wp-includes\plugin.php(478): WP_Hook->do_action(Array)
#7 C:\xampp\htdocs\carter\wp-content\themes\hatazu_water\woocommerce\content-single-product.php( in C:\xampp\htdocs\carter\wp-content\themes\hatazu_water\woocommerce\single-product-reviews.php on line 75

2020-09-03T03:20:02+00:00 CRITICAL Uncaught Error: Call to undefined function et_stylesheet_directory() in C:\xampp\htdocs\carter\wp-content\themes\hatazu_water\functions.php:290
Stack trace:
#0 C:\xampp\htdocs\carter\wp-settings.php(514): include()
#1 C:\xampp\htdocs\carter\wp-config.php(76): require_once('C:\\xampp\\htdocs...')
#2 C:\xampp\htdocs\carter\wp-load.php(37): require_once('C:\\xampp\\htdocs...')
#3 C:\xampp\htdocs\carter\wp-blog-header.php(13): require_once('C:\\xampp\\htdocs...')
#4 C:\xampp\htdocs\carter\index.php(17): require('C:\\xampp\\htdocs...')
#5 {main}
  thrown in C:\xampp\htdocs\carter\wp-content\themes\hatazu_water\functions.php on line 290

2020-09-03T03:21:16+00:00 CRITICAL Uncaught Error: Call to undefined function et_stylesheet_directory() in C:\xampp\htdocs\carter\wp-content\themes\hatazu_water\functions.php:290
Stack trace:
#0 C:\xampp\htdocs\carter\wp-settings.php(514): include()
#1 C:\xampp\htdocs\carter\wp-config.php(76): require_once('C:\\xampp\\htdocs...')
#2 C:\xampp\htdocs\carter\wp-load.php(37): require_once('C:\\xampp\\htdocs...')
#3 C:\xampp\htdocs\carter\wp-blog-header.php(13): require_once('C:\\xampp\\htdocs...')
#4 C:\xampp\htdocs\carter\index.php(17): require('C:\\xampp\\htdocs...')
#5 {main}
  thrown in C:\xampp\htdocs\carter\wp-content\themes\hatazu_water\functions.php on line 290

2020-09-03T03:26:54+00:00 CRITICAL Uncaught Error: Call to undefined function form_comment() in C:\xampp\htdocs\carter\wp-content\themes\hatazu_water\woocommerce\single-product-reviews.php:75
Stack trace:
#0 C:\xampp\htdocs\carter\wp-includes\comment-template.php(1535): require()
#1 C:\xampp\htdocs\carter\wp-content\themes\hatazu_water\woocommerce\single-product\tabs\tabs.php(48): comments_template('reviews', Array)
#2 C:\xampp\htdocs\carter\wp-content\plugins\woocommerce\includes\wc-core-functions.php(344): include('C:\\xampp\\htdocs...')
#3 C:\xampp\htdocs\carter\wp-content\plugins\woocommerce\includes\wc-template-functions.php(1538): wc_get_template('single-product/...')
#4 C:\xampp\htdocs\carter\wp-includes\class-wp-hook.php(287): woocommerce_output_product_data_tabs('')
#5 C:\xampp\htdocs\carter\wp-includes\class-wp-hook.php(311): WP_Hook->apply_filters('', Array)
#6 C:\xampp\htdocs\carter\wp-includes\plugin.php(478): WP_Hook->do_action(Array)
#7 C:\xampp\htdocs\carter\wp-content\themes\hatazu_water\woocommerce\content-single-product.php( in C:\xampp\htdocs\carter\wp-content\themes\hatazu_water\woocommerce\single-product-reviews.php on line 75

2020-09-03T03:27:48+00:00 CRITICAL Uncaught Error: Call to undefined function form_comment() in C:\xampp\htdocs\carter\wp-content\themes\hatazu_water\woocommerce\single-product-reviews.php:75
Stack trace:
#0 C:\xampp\htdocs\carter\wp-includes\comment-template.php(1535): require()
#1 C:\xampp\htdocs\carter\wp-content\themes\hatazu_water\woocommerce\single-product\tabs\tabs.php(48): comments_template('reviews', Array)
#2 C:\xampp\htdocs\carter\wp-content\plugins\woocommerce\includes\wc-core-functions.php(344): include('C:\\xampp\\htdocs...')
#3 C:\xampp\htdocs\carter\wp-content\plugins\woocommerce\includes\wc-template-functions.php(1538): wc_get_template('single-product/...')
#4 C:\xampp\htdocs\carter\wp-includes\class-wp-hook.php(287): woocommerce_output_product_data_tabs('')
#5 C:\xampp\htdocs\carter\wp-includes\class-wp-hook.php(311): WP_Hook->apply_filters('', Array)
#6 C:\xampp\htdocs\carter\wp-includes\plugin.php(478): WP_Hook->do_action(Array)
#7 C:\xampp\htdocs\carter\wp-content\themes\hatazu_water\woocommerce\content-single-product.php( in C:\xampp\htdocs\carter\wp-content\themes\hatazu_water\woocommerce\single-product-reviews.php on line 75

2020-09-03T03:40:31+00:00 CRITICAL Uncaught Error: Call to undefined function form_comment() in C:\xampp\htdocs\carter\wp-content\themes\hatazu_water\woocommerce\single-product-reviews.php:75
Stack trace:
#0 C:\xampp\htdocs\carter\wp-includes\comment-template.php(1535): require()
#1 C:\xampp\htdocs\carter\wp-content\themes\hatazu_water\woocommerce\single-product\tabs\tabs.php(48): comments_template('reviews', Array)
#2 C:\xampp\htdocs\carter\wp-content\plugins\woocommerce\includes\wc-core-functions.php(344): include('C:\\xampp\\htdocs...')
#3 C:\xampp\htdocs\carter\wp-content\plugins\woocommerce\includes\wc-template-functions.php(1538): wc_get_template('single-product/...')
#4 C:\xampp\htdocs\carter\wp-includes\class-wp-hook.php(287): woocommerce_output_product_data_tabs('')
#5 C:\xampp\htdocs\carter\wp-includes\class-wp-hook.php(311): WP_Hook->apply_filters('', Array)
#6 C:\xampp\htdocs\carter\wp-includes\plugin.php(478): WP_Hook->do_action(Array)
#7 C:\xampp\htdocs\carter\wp-content\themes\hatazu_water\woocommerce\content-single-product.php( in C:\xampp\htdocs\carter\wp-content\themes\hatazu_water\woocommerce\single-product-reviews.php on line 75

2020-09-03T03:46:59+00:00 CRITICAL Uncaught Error: Call to undefined function form_comment() in C:\xampp\htdocs\carter\wp-content\themes\hatazu_water\comments.php:74
Stack trace:
#0 C:\xampp\htdocs\carter\wp-includes\comment-template.php(1535): require()
#1 C:\xampp\htdocs\carter\wp-content\themes\hatazu_water\single.php(35): comments_template()
#2 C:\xampp\htdocs\carter\wp-includes\template-loader.php(106): include('C:\\xampp\\htdocs...')
#3 C:\xampp\htdocs\carter\wp-blog-header.php(19): require_once('C:\\xampp\\htdocs...')
#4 C:\xampp\htdocs\carter\index.php(17): require('C:\\xampp\\htdocs...')
#5 {main}
  thrown in C:\xampp\htdocs\carter\wp-content\themes\hatazu_water\comments.php on line 74

2020-09-03T03:48:08+00:00 CRITICAL Uncaught Error: Call to undefined function form_comment() in C:\xampp\htdocs\carter\wp-content\themes\hatazu_water\woocommerce\single-product-reviews.php:75
Stack trace:
#0 C:\xampp\htdocs\carter\wp-includes\comment-template.php(1535): require()
#1 C:\xampp\htdocs\carter\wp-content\themes\hatazu_water\woocommerce\single-product\tabs\tabs.php(48): comments_template('reviews', Array)
#2 C:\xampp\htdocs\carter\wp-content\plugins\woocommerce\includes\wc-core-functions.php(344): include('C:\\xampp\\htdocs...')
#3 C:\xampp\htdocs\carter\wp-content\plugins\woocommerce\includes\wc-template-functions.php(1538): wc_get_template('single-product/...')
#4 C:\xampp\htdocs\carter\wp-includes\class-wp-hook.php(287): woocommerce_output_product_data_tabs('')
#5 C:\xampp\htdocs\carter\wp-includes\class-wp-hook.php(311): WP_Hook->apply_filters('', Array)
#6 C:\xampp\htdocs\carter\wp-includes\plugin.php(478): WP_Hook->do_action(Array)
#7 C:\xampp\htdocs\carter\wp-content\themes\hatazu_water\woocommerce\content-single-product.php( in C:\xampp\htdocs\carter\wp-content\themes\hatazu_water\woocommerce\single-product-reviews.php on line 75

2020-09-03T03:48:39+00:00 CRITICAL Uncaught Error: Class 'comment_walker' not found in C:\xampp\htdocs\carter\wp-content\themes\hatazu_water\woocommerce\single-product-reviews.php:48
Stack trace:
#0 C:\xampp\htdocs\carter\wp-includes\comment-template.php(1535): require()
#1 C:\xampp\htdocs\carter\wp-content\themes\hatazu_water\woocommerce\single-product\tabs\tabs.php(48): comments_template('reviews', Array)
#2 C:\xampp\htdocs\carter\wp-content\plugins\woocommerce\includes\wc-core-functions.php(344): include('C:\\xampp\\htdocs...')
#3 C:\xampp\htdocs\carter\wp-content\plugins\woocommerce\includes\wc-template-functions.php(1538): wc_get_template('single-product/...')
#4 C:\xampp\htdocs\carter\wp-includes\class-wp-hook.php(287): woocommerce_output_product_data_tabs('')
#5 C:\xampp\htdocs\carter\wp-includes\class-wp-hook.php(311): WP_Hook->apply_filters('', Array)
#6 C:\xampp\htdocs\carter\wp-includes\plugin.php(478): WP_Hook->do_action(Array)
#7 C:\xampp\htdocs\carter\wp-content\themes\hatazu_water\woocommerce\content-single-product.php(69): do_a in C:\xampp\htdocs\carter\wp-content\themes\hatazu_water\woocommerce\single-product-reviews.php on line 48

2020-09-03T03:53:19+00:00 CRITICAL Uncaught Error: Call to undefined function form_comment() in C:\xampp\htdocs\carter\wp-content\themes\hatazu_water\woocommerce\single-product-reviews.php:75
Stack trace:
#0 C:\xampp\htdocs\carter\wp-includes\comment-template.php(1535): require()
#1 C:\xampp\htdocs\carter\wp-content\themes\hatazu_water\woocommerce\single-product\tabs\tabs.php(48): comments_template('reviews', Array)
#2 C:\xampp\htdocs\carter\wp-content\plugins\woocommerce\includes\wc-core-functions.php(344): include('C:\\xampp\\htdocs...')
#3 C:\xampp\htdocs\carter\wp-content\plugins\woocommerce\includes\wc-template-functions.php(1538): wc_get_template('single-product/...')
#4 C:\xampp\htdocs\carter\wp-includes\class-wp-hook.php(287): woocommerce_output_product_data_tabs('')
#5 C:\xampp\htdocs\carter\wp-includes\class-wp-hook.php(311): WP_Hook->apply_filters('', Array)
#6 C:\xampp\htdocs\carter\wp-includes\plugin.php(478): WP_Hook->do_action(Array)
#7 C:\xampp\htdocs\carter\wp-content\themes\hatazu_water\woocommerce\content-single-product.php( in C:\xampp\htdocs\carter\wp-content\themes\hatazu_water\woocommerce\single-product-reviews.php on line 75

2020-09-03T03:54:16+00:00 CRITICAL Uncaught Error: Call to undefined function form_comment() in C:\xampp\htdocs\carter\wp-content\themes\hatazu_water\woocommerce\single-product-reviews.php:75
Stack trace:
#0 C:\xampp\htdocs\carter\wp-includes\comment-template.php(1535): require()
#1 C:\xampp\htdocs\carter\wp-content\themes\hatazu_water\woocommerce\single-product\tabs\tabs.php(48): comments_template('reviews', Array)
#2 C:\xampp\htdocs\carter\wp-content\plugins\woocommerce\includes\wc-core-functions.php(344): include('C:\\xampp\\htdocs...')
#3 C:\xampp\htdocs\carter\wp-content\plugins\woocommerce\includes\wc-template-functions.php(1538): wc_get_template('single-product/...')
#4 C:\xampp\htdocs\carter\wp-includes\class-wp-hook.php(287): woocommerce_output_product_data_tabs('')
#5 C:\xampp\htdocs\carter\wp-includes\class-wp-hook.php(311): WP_Hook->apply_filters('', Array)
#6 C:\xampp\htdocs\carter\wp-includes\plugin.php(478): WP_Hook->do_action(Array)
#7 C:\xampp\htdocs\carter\wp-content\themes\hatazu_water\woocommerce\content-single-product.php( in C:\xampp\htdocs\carter\wp-content\themes\hatazu_water\woocommerce\single-product-reviews.php on line 75

2020-09-03T03:56:07+00:00 CRITICAL Uncaught Error: Call to undefined function form_comment() in C:\xampp\htdocs\carter\wp-content\themes\hatazu_water\woocommerce\single-product-reviews.php:75
Stack trace:
#0 C:\xampp\htdocs\carter\wp-includes\comment-template.php(1535): require()
#1 C:\xampp\htdocs\carter\wp-content\themes\hatazu_water\woocommerce\single-product\tabs\tabs.php(48): comments_template('reviews', Array)
#2 C:\xampp\htdocs\carter\wp-content\plugins\woocommerce\includes\wc-core-functions.php(344): include('C:\\xampp\\htdocs...')
#3 C:\xampp\htdocs\carter\wp-content\plugins\woocommerce\includes\wc-template-functions.php(1538): wc_get_template('single-product/...')
#4 C:\xampp\htdocs\carter\wp-includes\class-wp-hook.php(287): woocommerce_output_product_data_tabs('')
#5 C:\xampp\htdocs\carter\wp-includes\class-wp-hook.php(311): WP_Hook->apply_filters('', Array)
#6 C:\xampp\htdocs\carter\wp-includes\plugin.php(478): WP_Hook->do_action(Array)
#7 C:\xampp\htdocs\carter\wp-content\themes\hatazu_water\woocommerce\content-single-product.php( in C:\xampp\htdocs\carter\wp-content\themes\hatazu_water\woocommerce\single-product-reviews.php on line 75

2020-09-03T03:57:36+00:00 CRITICAL Uncaught Error: Call to undefined function form_comment() in C:\xampp\htdocs\carter\wp-content\themes\hatazu_water\woocommerce\single-product-reviews.php:75
Stack trace:
#0 C:\xampp\htdocs\carter\wp-includes\comment-template.php(1535): require()
#1 C:\xampp\htdocs\carter\wp-content\themes\hatazu_water\woocommerce\single-product\tabs\tabs.php(48): comments_template('reviews', Array)
#2 C:\xampp\htdocs\carter\wp-content\plugins\woocommerce\includes\wc-core-functions.php(344): include('C:\\xampp\\htdocs...')
#3 C:\xampp\htdocs\carter\wp-content\plugins\woocommerce\includes\wc-template-functions.php(1538): wc_get_template('single-product/...')
#4 C:\xampp\htdocs\carter\wp-includes\class-wp-hook.php(287): woocommerce_output_product_data_tabs('')
#5 C:\xampp\htdocs\carter\wp-includes\class-wp-hook.php(311): WP_Hook->apply_filters('', Array)
#6 C:\xampp\htdocs\carter\wp-includes\plugin.php(478): WP_Hook->do_action(Array)
#7 C:\xampp\htdocs\carter\wp-content\themes\hatazu_water\woocommerce\content-single-product.php( in C:\xampp\htdocs\carter\wp-content\themes\hatazu_water\woocommerce\single-product-reviews.php on line 75

2020-09-03T03:58:45+00:00 CRITICAL Uncaught Error: Call to undefined function form_comment() in C:\xampp\htdocs\carter\wp-content\themes\hatazu_water\woocommerce\single-product-reviews.php:75
Stack trace:
#0 C:\xampp\htdocs\carter\wp-includes\comment-template.php(1535): require()
#1 C:\xampp\htdocs\carter\wp-content\themes\hatazu_water\woocommerce\single-product\tabs\tabs.php(48): comments_template('reviews', Array)
#2 C:\xampp\htdocs\carter\wp-content\plugins\woocommerce\includes\wc-core-functions.php(344): include('C:\\xampp\\htdocs...')
#3 C:\xampp\htdocs\carter\wp-content\plugins\woocommerce\includes\wc-template-functions.php(1538): wc_get_template('single-product/...')
#4 C:\xampp\htdocs\carter\wp-includes\class-wp-hook.php(287): woocommerce_output_product_data_tabs('')
#5 C:\xampp\htdocs\carter\wp-includes\class-wp-hook.php(311): WP_Hook->apply_filters('', Array)
#6 C:\xampp\htdocs\carter\wp-includes\plugin.php(478): WP_Hook->do_action(Array)
#7 C:\xampp\htdocs\carter\wp-content\themes\hatazu_water\woocommerce\content-single-product.php( in C:\xampp\htdocs\carter\wp-content\themes\hatazu_water\woocommerce\single-product-reviews.php on line 75

2020-09-03T04:08:37+00:00 CRITICAL Uncaught Error: Call to undefined function wc_get_gallery_image_with_custom_html() in C:\xampp\htdocs\carter\wp-content\themes\hatazu_water\woocommerce\single-product\product-image.php:41
Stack trace:
#0 C:\xampp\htdocs\carter\wp-content\plugins\woocommerce\includes\wc-core-functions.php(344): include()
#1 C:\xampp\htdocs\carter\wp-content\plugins\woocommerce\includes\wc-template-functions.php(1476): wc_get_template('single-product/...')
#2 C:\xampp\htdocs\carter\wp-includes\class-wp-hook.php(287): woocommerce_show_product_images('')
#3 C:\xampp\htdocs\carter\wp-includes\class-wp-hook.php(311): WP_Hook->apply_filters(NULL, Array)
#4 C:\xampp\htdocs\carter\wp-includes\plugin.php(478): WP_Hook->do_action(Array)
#5 C:\xampp\htdocs\carter\wp-content\themes\hatazu_water\woocommerce\content-single-product.php(42): do_action('woocommerce_bef...')
#6 C:\xampp\htdocs\carter\wp-includes\template.php(732): require('C:\\xampp\\htdocs...')
#7 C:\xampp\htdocs\carter\wp-content\plugins\woocommerce\includes\wc-core-functions in C:\xampp\htdocs\carter\wp-content\themes\hatazu_water\woocommerce\single-product\product-image.php on line 41

2020-09-03T04:09:43+00:00 CRITICAL Uncaught Error: Call to undefined function form_comment() in C:\xampp\htdocs\carter\wp-content\themes\hatazu_water\comments.php:74
Stack trace:
#0 C:\xampp\htdocs\carter\wp-includes\comment-template.php(1535): require()
#1 C:\xampp\htdocs\carter\wp-content\themes\hatazu_water\single.php(35): comments_template()
#2 C:\xampp\htdocs\carter\wp-includes\template-loader.php(106): include('C:\\xampp\\htdocs...')
#3 C:\xampp\htdocs\carter\wp-blog-header.php(19): require_once('C:\\xampp\\htdocs...')
#4 C:\xampp\htdocs\carter\index.php(17): require('C:\\xampp\\htdocs...')
#5 {main}
  thrown in C:\xampp\htdocs\carter\wp-content\themes\hatazu_water\comments.php on line 74

2020-09-03T04:09:55+00:00 CRITICAL Uncaught Error: Call to undefined function form_comment() in C:\xampp\htdocs\carter\wp-content\themes\hatazu_water\comments.php:74
Stack trace:
#0 C:\xampp\htdocs\carter\wp-includes\comment-template.php(1535): require()
#1 C:\xampp\htdocs\carter\wp-content\themes\hatazu_water\single.php(35): comments_template()
#2 C:\xampp\htdocs\carter\wp-includes\template-loader.php(106): include('C:\\xampp\\htdocs...')
#3 C:\xampp\htdocs\carter\wp-blog-header.php(19): require_once('C:\\xampp\\htdocs...')
#4 C:\xampp\htdocs\carter\index.php(17): require('C:\\xampp\\htdocs...')
#5 {main}
  thrown in C:\xampp\htdocs\carter\wp-content\themes\hatazu_water\comments.php on line 74

2020-09-03T04:10:00+00:00 CRITICAL Uncaught Error: Call to undefined function form_comment() in C:\xampp\htdocs\carter\wp-content\themes\hatazu_water\comments.php:74
Stack trace:
#0 C:\xampp\htdocs\carter\wp-includes\comment-template.php(1535): require()
#1 C:\xampp\htdocs\carter\wp-content\themes\hatazu_water\single.php(35): comments_template()
#2 C:\xampp\htdocs\carter\wp-includes\template-loader.php(106): include('C:\\xampp\\htdocs...')
#3 C:\xampp\htdocs\carter\wp-blog-header.php(19): require_once('C:\\xampp\\htdocs...')
#4 C:\xampp\htdocs\carter\index.php(17): require('C:\\xampp\\htdocs...')
#5 {main}
  thrown in C:\xampp\htdocs\carter\wp-content\themes\hatazu_water\comments.php on line 74

2020-09-03T04:11:27+00:00 CRITICAL Uncaught Error: Call to undefined function form_comment() in C:\xampp\htdocs\carter\wp-content\themes\hatazu_water\comments.php:74
Stack trace:
#0 C:\xampp\htdocs\carter\wp-includes\comment-template.php(1535): require()
#1 C:\xampp\htdocs\carter\wp-content\themes\hatazu_water\single.php(35): comments_template()
#2 C:\xampp\htdocs\carter\wp-includes\template-loader.php(106): include('C:\\xampp\\htdocs...')
#3 C:\xampp\htdocs\carter\wp-blog-header.php(19): require_once('C:\\xampp\\htdocs...')
#4 C:\xampp\htdocs\carter\index.php(17): require('C:\\xampp\\htdocs...')
#5 {main}
  thrown in C:\xampp\htdocs\carter\wp-content\themes\hatazu_water\comments.php on line 74

2020-09-03T04:11:57+00:00 CRITICAL Uncaught Error: Call to undefined function form_comment() in C:\xampp\htdocs\carter\wp-content\themes\hatazu_water\comments.php:74
Stack trace:
#0 C:\xampp\htdocs\carter\wp-includes\comment-template.php(1535): require()
#1 C:\xampp\htdocs\carter\wp-content\themes\hatazu_water\single.php(35): comments_template()
#2 C:\xampp\htdocs\carter\wp-includes\template-loader.php(106): include('C:\\xampp\\htdocs...')
#3 C:\xampp\htdocs\carter\wp-blog-header.php(19): require_once('C:\\xampp\\htdocs...')
#4 C:\xampp\htdocs\carter\index.php(17): require('C:\\xampp\\htdocs...')
#5 {main}
  thrown in C:\xampp\htdocs\carter\wp-content\themes\hatazu_water\comments.php on line 74

2020-09-03T04:12:06+00:00 CRITICAL Uncaught Error: Call to undefined function form_comment() in C:\xampp\htdocs\carter\wp-content\themes\hatazu_water\comments.php:74
Stack trace:
#0 C:\xampp\htdocs\carter\wp-includes\comment-template.php(1535): require()
#1 C:\xampp\htdocs\carter\wp-content\themes\hatazu_water\single.php(35): comments_template()
#2 C:\xampp\htdocs\carter\wp-includes\template-loader.php(106): include('C:\\xampp\\htdocs...')
#3 C:\xampp\htdocs\carter\wp-blog-header.php(19): require_once('C:\\xampp\\htdocs...')
#4 C:\xampp\htdocs\carter\index.php(17): require('C:\\xampp\\htdocs...')
#5 {main}
  thrown in C:\xampp\htdocs\carter\wp-content\themes\hatazu_water\comments.php on line 74

2020-09-03T04:12:56+00:00 CRITICAL Uncaught Error: Call to undefined function form_comment() in C:\xampp\htdocs\carter\wp-content\themes\hatazu_water\comments.php:74
Stack trace:
#0 C:\xampp\htdocs\carter\wp-includes\comment-template.php(1535): require()
#1 C:\xampp\htdocs\carter\wp-content\themes\hatazu_water\single.php(35): comments_template()
#2 C:\xampp\htdocs\carter\wp-includes\template-loader.php(106): include('C:\\xampp\\htdocs...')
#3 C:\xampp\htdocs\carter\wp-blog-header.php(19): require_once('C:\\xampp\\htdocs...')
#4 C:\xampp\htdocs\carter\index.php(17): require('C:\\xampp\\htdocs...')
#5 {main}
  thrown in C:\xampp\htdocs\carter\wp-content\themes\hatazu_water\comments.php on line 74

2020-09-03T04:13:02+00:00 CRITICAL Uncaught Error: Class 'comment_walker' not found in C:\xampp\htdocs\carter\wp-content\themes\hatazu_water\comments.php:58
Stack trace:
#0 C:\xampp\htdocs\carter\wp-includes\comment-template.php(1535): require()
#1 C:\xampp\htdocs\carter\wp-content\themes\hatazu_water\single.php(35): comments_template()
#2 C:\xampp\htdocs\carter\wp-includes\template-loader.php(106): include('C:\\xampp\\htdocs...')
#3 C:\xampp\htdocs\carter\wp-blog-header.php(19): require_once('C:\\xampp\\htdocs...')
#4 C:\xampp\htdocs\carter\index.php(17): require('C:\\xampp\\htdocs...')
#5 {main}
  thrown in C:\xampp\htdocs\carter\wp-content\themes\hatazu_water\comments.php on line 58

2020-09-03T04:13:31+00:00 CRITICAL Uncaught Error: Call to undefined function form_comment() in C:\xampp\htdocs\carter\wp-content\themes\hatazu_water\comments.php:74
Stack trace:
#0 C:\xampp\htdocs\carter\wp-includes\comment-template.php(1535): require()
#1 C:\xampp\htdocs\carter\wp-content\themes\hatazu_water\single.php(35): comments_template()
#2 C:\xampp\htdocs\carter\wp-includes\template-loader.php(106): include('C:\\xampp\\htdocs...')
#3 C:\xampp\htdocs\carter\wp-blog-header.php(19): require_once('C:\\xampp\\htdocs...')
#4 C:\xampp\htdocs\carter\index.php(17): require('C:\\xampp\\htdocs...')
#5 {main}
  thrown in C:\xampp\htdocs\carter\wp-content\themes\hatazu_water\comments.php on line 74

2020-09-03T04:13:49+00:00 CRITICAL Uncaught Error: Call to undefined function form_comment() in C:\xampp\htdocs\carter\wp-content\themes\hatazu_water\comments.php:74
Stack trace:
#0 C:\xampp\htdocs\carter\wp-includes\comment-template.php(1535): require()
#1 C:\xampp\htdocs\carter\wp-content\themes\hatazu_water\single.php(35): comments_template()
#2 C:\xampp\htdocs\carter\wp-includes\template-loader.php(106): include('C:\\xampp\\htdocs...')
#3 C:\xampp\htdocs\carter\wp-blog-header.php(19): require_once('C:\\xampp\\htdocs...')
#4 C:\xampp\htdocs\carter\index.php(17): require('C:\\xampp\\htdocs...')
#5 {main}
  thrown in C:\xampp\htdocs\carter\wp-content\themes\hatazu_water\comments.php on line 74

2020-09-03T04:21:37+00:00 CRITICAL Uncaught Error: Call to undefined function form_comment() in C:\xampp\htdocs\carter\wp-content\themes\hatazu_water\comments.php:74
Stack trace:
#0 C:\xampp\htdocs\carter\wp-includes\comment-template.php(1535): require()
#1 C:\xampp\htdocs\carter\wp-content\themes\hatazu_water\single.php(35): comments_template()
#2 C:\xampp\htdocs\carter\wp-includes\template-loader.php(106): include('C:\\xampp\\htdocs...')
#3 C:\xampp\htdocs\carter\wp-blog-header.php(19): require_once('C:\\xampp\\htdocs...')
#4 C:\xampp\htdocs\carter\index.php(17): require('C:\\xampp\\htdocs...')
#5 {main}
  thrown in C:\xampp\htdocs\carter\wp-content\themes\hatazu_water\comments.php on line 74

2020-09-03T04:22:23+00:00 CRITICAL Uncaught Error: Call to undefined function form_comment() in C:\xampp\htdocs\carter\wp-content\themes\hatazu_water\comments.php:74
Stack trace:
#0 C:\xampp\htdocs\carter\wp-includes\comment-template.php(1535): require()
#1 C:\xampp\htdocs\carter\wp-content\themes\hatazu_water\single.php(35): comments_template()
#2 C:\xampp\htdocs\carter\wp-includes\template-loader.php(106): include('C:\\xampp\\htdocs...')
#3 C:\xampp\htdocs\carter\wp-blog-header.php(19): require_once('C:\\xampp\\htdocs...')
#4 C:\xampp\htdocs\carter\index.php(17): require('C:\\xampp\\htdocs...')
#5 {main}
  thrown in C:\xampp\htdocs\carter\wp-content\themes\hatazu_water\comments.php on line 74

2020-09-03T04:26:32+00:00 CRITICAL Uncaught Error: Call to undefined function wc_get_gallery_image_with_custom_html() in C:\xampp\htdocs\carter\wp-content\themes\hatazu_water\woocommerce\single-product\product-image.php:41
Stack trace:
#0 C:\xampp\htdocs\carter\wp-content\plugins\woocommerce\includes\wc-core-functions.php(344): include()
#1 C:\xampp\htdocs\carter\wp-content\plugins\woocommerce\includes\wc-template-functions.php(1476): wc_get_template('single-product/...')
#2 C:\xampp\htdocs\carter\wp-includes\class-wp-hook.php(287): woocommerce_show_product_images('')
#3 C:\xampp\htdocs\carter\wp-includes\class-wp-hook.php(311): WP_Hook->apply_filters(NULL, Array)
#4 C:\xampp\htdocs\carter\wp-includes\plugin.php(478): WP_Hook->do_action(Array)
#5 C:\xampp\htdocs\carter\wp-content\themes\hatazu_water\woocommerce\content-single-product.php(42): do_action('woocommerce_bef...')
#6 C:\xampp\htdocs\carter\wp-includes\template.php(732): require('C:\\xampp\\htdocs...')
#7 C:\xampp\htdocs\carter\wp-content\plugins\woocommerce\includes\wc-core-functions in C:\xampp\htdocs\carter\wp-content\themes\hatazu_water\woocommerce\single-product\product-image.php on line 41

2020-09-03T04:29:06+00:00 CRITICAL Uncaught Error: Call to undefined function form_comment() in C:\xampp\htdocs\carter\wp-content\themes\hatazu_water\woocommerce\single-product-reviews.php:75
Stack trace:
#0 C:\xampp\htdocs\carter\wp-includes\comment-template.php(1535): require()
#1 C:\xampp\htdocs\carter\wp-content\themes\hatazu_water\woocommerce\single-product\tabs\tabs.php(48): comments_template('reviews', Array)
#2 C:\xampp\htdocs\carter\wp-content\plugins\woocommerce\includes\wc-core-functions.php(344): include('C:\\xampp\\htdocs...')
#3 C:\xampp\htdocs\carter\wp-content\plugins\woocommerce\includes\wc-template-functions.php(1538): wc_get_template('single-product/...')
#4 C:\xampp\htdocs\carter\wp-includes\class-wp-hook.php(287): woocommerce_output_product_data_tabs('')
#5 C:\xampp\htdocs\carter\wp-includes\class-wp-hook.php(311): WP_Hook->apply_filters('', Array)
#6 C:\xampp\htdocs\carter\wp-includes\plugin.php(478): WP_Hook->do_action(Array)
#7 C:\xampp\htdocs\carter\wp-content\themes\hatazu_water\woocommerce\content-single-product.php( in C:\xampp\htdocs\carter\wp-content\themes\hatazu_water\woocommerce\single-product-reviews.php on line 75

2020-09-03T04:29:54+00:00 CRITICAL Uncaught Error: Call to undefined function form_comment() in C:\xampp\htdocs\carter\wp-content\themes\hatazu_water\woocommerce\single-product-reviews.php:75
Stack trace:
#0 C:\xampp\htdocs\carter\wp-includes\comment-template.php(1535): require()
#1 C:\xampp\htdocs\carter\wp-content\themes\hatazu_water\woocommerce\single-product\tabs\tabs.php(48): comments_template('reviews', Array)
#2 C:\xampp\htdocs\carter\wp-content\plugins\woocommerce\includes\wc-core-functions.php(344): include('C:\\xampp\\htdocs...')
#3 C:\xampp\htdocs\carter\wp-content\plugins\woocommerce\includes\wc-template-functions.php(1538): wc_get_template('single-product/...')
#4 C:\xampp\htdocs\carter\wp-includes\class-wp-hook.php(287): woocommerce_output_product_data_tabs('')
#5 C:\xampp\htdocs\carter\wp-includes\class-wp-hook.php(311): WP_Hook->apply_filters('', Array)
#6 C:\xampp\htdocs\carter\wp-includes\plugin.php(478): WP_Hook->do_action(Array)
#7 C:\xampp\htdocs\carter\wp-content\themes\hatazu_water\woocommerce\content-single-product.php( in C:\xampp\htdocs\carter\wp-content\themes\hatazu_water\woocommerce\single-product-reviews.php on line 75

2020-09-03T04:30:19+00:00 CRITICAL Uncaught Error: Call to undefined function form_comment() in C:\xampp\htdocs\carter\wp-content\themes\hatazu_water\woocommerce\single-product-reviews.php:75
Stack trace:
#0 C:\xampp\htdocs\carter\wp-includes\comment-template.php(1535): require()
#1 C:\xampp\htdocs\carter\wp-content\themes\hatazu_water\woocommerce\single-product\tabs\tabs.php(48): comments_template('reviews', Array)
#2 C:\xampp\htdocs\carter\wp-content\plugins\woocommerce\includes\wc-core-functions.php(344): include('C:\\xampp\\htdocs...')
#3 C:\xampp\htdocs\carter\wp-content\plugins\woocommerce\includes\wc-template-functions.php(1538): wc_get_template('single-product/...')
#4 C:\xampp\htdocs\carter\wp-includes\class-wp-hook.php(287): woocommerce_output_product_data_tabs('')
#5 C:\xampp\htdocs\carter\wp-includes\class-wp-hook.php(311): WP_Hook->apply_filters('', Array)
#6 C:\xampp\htdocs\carter\wp-includes\plugin.php(478): WP_Hook->do_action(Array)
#7 C:\xampp\htdocs\carter\wp-content\themes\hatazu_water\woocommerce\content-single-product.php( in C:\xampp\htdocs\carter\wp-content\themes\hatazu_water\woocommerce\single-product-reviews.php on line 75

2020-09-03T04:30:48+00:00 CRITICAL Uncaught Error: Call to undefined function wc_get_gallery_image_with_custom_html() in C:\xampp\htdocs\carter\wp-content\themes\hatazu_water\woocommerce\single-product\product-image.php:41
Stack trace:
#0 C:\xampp\htdocs\carter\wp-content\plugins\woocommerce\includes\wc-core-functions.php(344): include()
#1 C:\xampp\htdocs\carter\wp-content\plugins\woocommerce\includes\wc-template-functions.php(1476): wc_get_template('single-product/...')
#2 C:\xampp\htdocs\carter\wp-includes\class-wp-hook.php(287): woocommerce_show_product_images('')
#3 C:\xampp\htdocs\carter\wp-includes\class-wp-hook.php(311): WP_Hook->apply_filters(NULL, Array)
#4 C:\xampp\htdocs\carter\wp-includes\plugin.php(478): WP_Hook->do_action(Array)
#5 C:\xampp\htdocs\carter\wp-content\themes\hatazu_water\woocommerce\content-single-product.php(42): do_action('woocommerce_bef...')
#6 C:\xampp\htdocs\carter\wp-includes\template.php(732): require('C:\\xampp\\htdocs...')
#7 C:\xampp\htdocs\carter\wp-content\plugins\woocommerce\includes\wc-core-functions in C:\xampp\htdocs\carter\wp-content\themes\hatazu_water\woocommerce\single-product\product-image.php on line 41

2020-09-03T04:35:41+00:00 CRITICAL Uncaught Error: Call to undefined function wc_get_gallery_image_with_custom_html() in C:\xampp\htdocs\carter\wp-content\themes\hatazu_water\woocommerce\single-product\product-image.php:41
Stack trace:
#0 C:\xampp\htdocs\carter\wp-content\plugins\woocommerce\includes\wc-core-functions.php(344): include()
#1 C:\xampp\htdocs\carter\wp-content\plugins\woocommerce\includes\wc-template-functions.php(1476): wc_get_template('single-product/...')
#2 C:\xampp\htdocs\carter\wp-includes\class-wp-hook.php(287): woocommerce_show_product_images('')
#3 C:\xampp\htdocs\carter\wp-includes\class-wp-hook.php(311): WP_Hook->apply_filters(NULL, Array)
#4 C:\xampp\htdocs\carter\wp-includes\plugin.php(478): WP_Hook->do_action(Array)
#5 C:\xampp\htdocs\carter\wp-content\themes\hatazu_water\woocommerce\content-single-product.php(42): do_action('woocommerce_bef...')
#6 C:\xampp\htdocs\carter\wp-includes\template.php(732): require('C:\\xampp\\htdocs...')
#7 C:\xampp\htdocs\carter\wp-content\plugins\woocommerce\includes\wc-core-functions in C:\xampp\htdocs\carter\wp-content\themes\hatazu_water\woocommerce\single-product\product-image.php on line 41

2020-09-03T04:41:09+00:00 CRITICAL Uncaught Error: Call to undefined function form_comment() in C:\xampp\htdocs\carter\wp-content\themes\hatazu_water\woocommerce\single-product-reviews.php:75
Stack trace:
#0 C:\xampp\htdocs\carter\wp-includes\comment-template.php(1535): require()
#1 C:\xampp\htdocs\carter\wp-content\themes\hatazu_water\woocommerce\single-product\tabs\tabs.php(47): comments_template('reviews', Array)
#2 C:\xampp\htdocs\carter\wp-content\plugins\woocommerce\includes\wc-core-functions.php(344): include('C:\\xampp\\htdocs...')
#3 C:\xampp\htdocs\carter\wp-content\plugins\woocommerce\includes\wc-template-functions.php(1538): wc_get_template('single-product/...')
#4 C:\xampp\htdocs\carter\wp-includes\class-wp-hook.php(287): woocommerce_output_product_data_tabs('')
#5 C:\xampp\htdocs\carter\wp-includes\class-wp-hook.php(311): WP_Hook->apply_filters('', Array)
#6 C:\xampp\htdocs\carter\wp-includes\plugin.php(478): WP_Hook->do_action(Array)
#7 C:\xampp\htdocs\carter\wp-content\themes\hatazu_water\woocommerce\content-single-product.php( in C:\xampp\htdocs\carter\wp-content\themes\hatazu_water\woocommerce\single-product-reviews.php on line 75

2020-09-03T04:44:14+00:00 CRITICAL Uncaught Error: Call to undefined function form_comment() in C:\xampp\htdocs\carter\wp-content\themes\hatazu_water\woocommerce\single-product-reviews.php:75
Stack trace:
#0 C:\xampp\htdocs\carter\wp-includes\comment-template.php(1535): require()
#1 C:\xampp\htdocs\carter\wp-content\themes\hatazu_water\woocommerce\single-product\tabs\tabs.php(48): comments_template('reviews', Array)
#2 C:\xampp\htdocs\carter\wp-content\plugins\woocommerce\includes\wc-core-functions.php(344): include('C:\\xampp\\htdocs...')
#3 C:\xampp\htdocs\carter\wp-content\plugins\woocommerce\includes\wc-template-functions.php(1538): wc_get_template('single-product/...')
#4 C:\xampp\htdocs\carter\wp-includes\class-wp-hook.php(287): woocommerce_output_product_data_tabs('')
#5 C:\xampp\htdocs\carter\wp-includes\class-wp-hook.php(311): WP_Hook->apply_filters('', Array)
#6 C:\xampp\htdocs\carter\wp-includes\plugin.php(478): WP_Hook->do_action(Array)
#7 C:\xampp\htdocs\carter\wp-content\themes\hatazu_water\woocommerce\content-single-product.php( in C:\xampp\htdocs\carter\wp-content\themes\hatazu_water\woocommerce\single-product-reviews.php on line 75

2020-09-03T04:45:03+00:00 CRITICAL Uncaught Error: Call to undefined function form_comment() in C:\xampp\htdocs\carter\wp-content\themes\hatazu_water\woocommerce\single-product-reviews.php:75
Stack trace:
#0 C:\xampp\htdocs\carter\wp-includes\comment-template.php(1535): require()
#1 C:\xampp\htdocs\carter\wp-content\themes\hatazu_water\woocommerce\single-product\tabs\tabs.php(48): comments_template('reviews', Array)
#2 C:\xampp\htdocs\carter\wp-content\plugins\woocommerce\includes\wc-core-functions.php(344): include('C:\\xampp\\htdocs...')
#3 C:\xampp\htdocs\carter\wp-content\plugins\woocommerce\includes\wc-template-functions.php(1538): wc_get_template('single-product/...')
#4 C:\xampp\htdocs\carter\wp-includes\class-wp-hook.php(287): woocommerce_output_product_data_tabs('')
#5 C:\xampp\htdocs\carter\wp-includes\class-wp-hook.php(311): WP_Hook->apply_filters('', Array)
#6 C:\xampp\htdocs\carter\wp-includes\plugin.php(478): WP_Hook->do_action(Array)
#7 C:\xampp\htdocs\carter\wp-content\themes\hatazu_water\woocommerce\content-single-product.php( in C:\xampp\htdocs\carter\wp-content\themes\hatazu_water\woocommerce\single-product-reviews.php on line 75

2020-09-03T04:45:32+00:00 CRITICAL Uncaught Error: Call to undefined function form_comment() in C:\xampp\htdocs\carter\wp-content\themes\hatazu_water\woocommerce\single-product-reviews.php:75
Stack trace:
#0 C:\xampp\htdocs\carter\wp-includes\comment-template.php(1535): require()
#1 C:\xampp\htdocs\carter\wp-content\themes\hatazu_water\woocommerce\single-product\tabs\tabs.php(48): comments_template('reviews', Array)
#2 C:\xampp\htdocs\carter\wp-content\plugins\woocommerce\includes\wc-core-functions.php(344): include('C:\\xampp\\htdocs...')
#3 C:\xampp\htdocs\carter\wp-content\plugins\woocommerce\includes\wc-template-functions.php(1538): wc_get_template('single-product/...')
#4 C:\xampp\htdocs\carter\wp-includes\class-wp-hook.php(287): woocommerce_output_product_data_tabs('')
#5 C:\xampp\htdocs\carter\wp-includes\class-wp-hook.php(311): WP_Hook->apply_filters('', Array)
#6 C:\xampp\htdocs\carter\wp-includes\plugin.php(478): WP_Hook->do_action(Array)
#7 C:\xampp\htdocs\carter\wp-content\themes\hatazu_water\woocommerce\content-single-product.php( in C:\xampp\htdocs\carter\wp-content\themes\hatazu_water\woocommerce\single-product-reviews.php on line 75

2020-09-03T04:45:50+00:00 CRITICAL Uncaught Error: Call to undefined function form_comment() in C:\xampp\htdocs\carter\wp-content\themes\hatazu_water\woocommerce\single-product-reviews.php:75
Stack trace:
#0 C:\xampp\htdocs\carter\wp-includes\comment-template.php(1535): require()
#1 C:\xampp\htdocs\carter\wp-content\themes\hatazu_water\woocommerce\single-product\tabs\tabs.php(48): comments_template('reviews', Array)
#2 C:\xampp\htdocs\carter\wp-content\plugins\woocommerce\includes\wc-core-functions.php(344): include('C:\\xampp\\htdocs...')
#3 C:\xampp\htdocs\carter\wp-content\plugins\woocommerce\includes\wc-template-functions.php(1538): wc_get_template('single-product/...')
#4 C:\xampp\htdocs\carter\wp-includes\class-wp-hook.php(287): woocommerce_output_product_data_tabs('')
#5 C:\xampp\htdocs\carter\wp-includes\class-wp-hook.php(311): WP_Hook->apply_filters('', Array)
#6 C:\xampp\htdocs\carter\wp-includes\plugin.php(478): WP_Hook->do_action(Array)
#7 C:\xampp\htdocs\carter\wp-content\themes\hatazu_water\woocommerce\content-single-product.php( in C:\xampp\htdocs\carter\wp-content\themes\hatazu_water\woocommerce\single-product-reviews.php on line 75

2020-09-03T04:52:25+00:00 CRITICAL Uncaught Error: Call to undefined function form_comment() in C:\xampp\htdocs\carter\wp-content\themes\hatazu_water\woocommerce\single-product-reviews.php:77
Stack trace:
#0 C:\xampp\htdocs\carter\wp-includes\comment-template.php(1535): require()
#1 C:\xampp\htdocs\carter\wp-content\themes\hatazu_water\woocommerce\single-product\tabs\tabs.php(48): comments_template('reviews', Array)
#2 C:\xampp\htdocs\carter\wp-content\plugins\woocommerce\includes\wc-core-functions.php(344): include('C:\\xampp\\htdocs...')
#3 C:\xampp\htdocs\carter\wp-content\plugins\woocommerce\includes\wc-template-functions.php(1538): wc_get_template('single-product/...')
#4 C:\xampp\htdocs\carter\wp-includes\class-wp-hook.php(287): woocommerce_output_product_data_tabs('')
#5 C:\xampp\htdocs\carter\wp-includes\class-wp-hook.php(311): WP_Hook->apply_filters('', Array)
#6 C:\xampp\htdocs\carter\wp-includes\plugin.php(478): WP_Hook->do_action(Array)
#7 C:\xampp\htdocs\carter\wp-content\themes\hatazu_water\woocommerce\content-single-product.php( in C:\xampp\htdocs\carter\wp-content\themes\hatazu_water\woocommerce\single-product-reviews.php on line 77

2020-09-03T04:53:41+00:00 CRITICAL syntax error, unexpected 'endif' (T_ENDIF), expecting end of file in C:\xampp\htdocs\carter\wp-content\themes\hatazu_water\woocommerce\single-product-reviews.php on line 78

2020-09-03T10:08:41+00:00 CRITICAL require_once(): Failed opening required 'C:\xampp\htdocs\carter\wp-content\themes\hatazu_water/menu-boot/wp_bootstrap_navwalker_navlink_carter.php' (include_path='C:\xampp\php\PEAR') in C:\xampp\htdocs\carter\wp-content\themes\hatazu_water\functions.php on line 229

