2020-09-03T09:40:56+00:00 NOTICE action_scheduler.queue_job :: MailChimp_WooCommerce_SingleCoupon queued :: obj_id 85
2020-09-03T09:41:06+00:00 NOTICE promo_code_submit.success :: #85 :: code: t64cb8mw
2020-09-03T09:42:27+00:00 NOTICE action_scheduler.queue_job :: MailChimp_WooCommerce_SingleCoupon queued :: obj_id 85
2020-09-03T09:44:47+00:00 NOTICE promo_code_submit.success :: #85 :: code: sqev99e9
2020-09-03T09:48:22+00:00 NOTICE action_scheduler.queue_job :: MailChimp_WooCommerce_Single_Product starts in 5 seconds :: obj_id 346
2020-09-03T09:48:40+00:00 NOTICE action_scheduler.queue_job :: MailChimp_WooCommerce_SingleCoupon queued :: obj_id 85
2020-09-03T09:49:03+00:00 NOTICE product_submit.success :: updateStoreProduct :: #346
2020-09-03T09:49:05+00:00 NOTICE promo_code_submit.success :: #85 :: code: sqev99e9
2020-09-03T10:39:47+00:00 NOTICE action_scheduler.queue_job :: MailChimp_WooCommerce_Single_Product starts in 5 seconds :: obj_id 199
2020-09-03T10:40:13+00:00 NOTICE product_submit.success :: updateStoreProduct :: #199
2020-09-03T11:18:53+00:00 NOTICE action_scheduler.queue_job :: MailChimp_WooCommerce_Single_Product starts in 5 seconds :: obj_id 199
2020-09-03T11:19:19+00:00 NOTICE product_submit.success :: updateStoreProduct :: #199
2020-09-03T11:20:20+00:00 NOTICE action_scheduler.queue_job :: MailChimp_WooCommerce_Single_Product starts in 5 seconds :: obj_id 226
2020-09-03T11:20:59+00:00 NOTICE product_submit.success :: updateStoreProduct :: #226
2020-09-03T14:49:28+00:00 NOTICE action_scheduler.queue_job :: MailChimp_WooCommerce_Single_Product starts in 5 seconds :: obj_id 256
2020-09-03T14:50:24+00:00 NOTICE product_submit.success :: updateStoreProduct :: #256
2020-09-03T16:15:58+00:00 NOTICE action_scheduler.queue_job :: MailChimp_WooCommerce_Single_Product starts in 5 seconds :: obj_id 28
2020-09-03T16:16:16+00:00 NOTICE product_submit.success :: updateStoreProduct :: #28
2020-09-03T16:26:40+00:00 NOTICE action_scheduler.queue_job :: MailChimp_WooCommerce_Single_Product starts in 5 seconds :: obj_id 28
2020-09-03T16:27:20+00:00 NOTICE product_submit.success :: updateStoreProduct :: #28
