2020-08-31T06:56:48+00:00 NOTICE action_scheduler.queue_job :: MailChimp_WooCommerce_User_Submit queued :: obj_id 3
2020-08-31T06:56:51+00:00 NOTICE member.sync :: Updated Member duongvybi@gmail.com ( merge fields only ) :: Array
(
    [merge_fields] => Array
        (
            [FNAME] => Vy bi
            [LNAME] => duong
        )

)

2020-08-31T08:36:24+00:00 NOTICE action_scheduler.queue_job :: MailChimp_WooCommerce_User_Submit queued :: obj_id 2
2020-08-31T08:37:15+00:00 NOTICE member.sync :: Updated Member zutheme@gmail.com ( merge fields only ) :: Array
(
    [merge_fields] => Array
        (
            [FNAME] => Binh Minh
            [LNAME] => Duong
        )

)

2020-08-31T09:26:58+00:00 NOTICE action_scheduler.queue_job :: MailChimp_WooCommerce_Single_Product starts in 5 seconds :: obj_id 359
2020-08-31T09:27:14+00:00 NOTICE product_submit.success :: addStoreProduct :: #359
2020-08-31T10:38:31+00:00 NOTICE action_scheduler.queue_job :: MailChimp_WooCommerce_User_Submit queued :: obj_id 2
2020-08-31T10:38:45+00:00 NOTICE member.sync :: Updated Member zutheme@gmail.com ( merge fields only ) :: Array
(
    [merge_fields] => Array
        (
            [FNAME] => Binh Minh
            [LNAME] => Duong
        )

)

